Performing C SOURCE FILE Test CMAKE_HAVE_LIBC_PTHREAD failed with the following output:
Change Dir: /home/zyc/collision/model_push/build/CMakeFiles/CMakeTmp

Run Build Command(s):/usr/bin/make cmTC_7c43b/fast && /usr/bin/make -f CMakeFiles/cmTC_7c43b.dir/build.make CMakeFiles/cmTC_7c43b.dir/build
make[1]: 进入目录“/home/zyc/collision/model_push/build/CMakeFiles/CMakeTmp”
Building C object CMakeFiles/cmTC_7c43b.dir/src.c.o
/usr/bin/gcc   -DCMAKE_HAVE_LIBC_PTHREAD   -o CMakeFiles/cmTC_7c43b.dir/src.c.o   -c /home/zyc/collision/model_push/build/CMakeFiles/CMakeTmp/src.c
Linking C executable cmTC_7c43b
/usr/bin/cmake -E cmake_link_script CMakeFiles/cmTC_7c43b.dir/link.txt --verbose=1
/usr/bin/gcc  -DCMAKE_HAVE_LIBC_PTHREAD    -rdynamic CMakeFiles/cmTC_7c43b.dir/src.c.o  -o cmTC_7c43b 
/usr/bin/ld: CMakeFiles/cmTC_7c43b.dir/src.c.o: in function `main':
src.c:(.text+0x46): undefined reference to `pthread_create'
/usr/bin/ld: src.c:(.text+0x52): undefined reference to `pthread_detach'
/usr/bin/ld: src.c:(.text+0x63): undefined reference to `pthread_join'
collect2: error: ld returned 1 exit status
make[1]: *** [CMakeFiles/cmTC_7c43b.dir/build.make:87：cmTC_7c43b] 错误 1
make[1]: 离开目录“/home/zyc/collision/model_push/build/CMakeFiles/CMakeTmp”
make: *** [Makefile:121：cmTC_7c43b/fast] 错误 2


Source file was:
#include <pthread.h>

void* test_func(void* data)
{
  return data;
}

int main(void)
{
  pthread_t thread;
  pthread_create(&thread, NULL, test_func, NULL);
  pthread_detach(thread);
  pthread_join(thread, NULL);
  pthread_atfork(NULL, NULL, NULL);
  pthread_exit(NULL);

  return 0;
}

Determining if the function pthread_create exists in the pthreads failed with the following output:
Change Dir: /home/zyc/collision/model_push/build/CMakeFiles/CMakeTmp

Run Build Command(s):/usr/bin/make cmTC_a6ccf/fast && /usr/bin/make -f CMakeFiles/cmTC_a6ccf.dir/build.make CMakeFiles/cmTC_a6ccf.dir/build
make[1]: 进入目录“/home/zyc/collision/model_push/build/CMakeFiles/CMakeTmp”
Building C object CMakeFiles/cmTC_a6ccf.dir/CheckFunctionExists.c.o
/usr/bin/gcc   -DCHECK_FUNCTION_EXISTS=pthread_create   -o CMakeFiles/cmTC_a6ccf.dir/CheckFunctionExists.c.o   -c /usr/share/cmake-3.16/Modules/CheckFunctionExists.c
Linking C executable cmTC_a6ccf
/usr/bin/cmake -E cmake_link_script CMakeFiles/cmTC_a6ccf.dir/link.txt --verbose=1
/usr/bin/gcc  -DCHECK_FUNCTION_EXISTS=pthread_create    -rdynamic CMakeFiles/cmTC_a6ccf.dir/CheckFunctionExists.c.o  -o cmTC_a6ccf  -lpthreads 
/usr/bin/ld: 找不到 -lpthreads
collect2: error: ld returned 1 exit status
make[1]: *** [CMakeFiles/cmTC_a6ccf.dir/build.make:87：cmTC_a6ccf] 错误 1
make[1]: 离开目录“/home/zyc/collision/model_push/build/CMakeFiles/CMakeTmp”
make: *** [Makefile:121：cmTC_a6ccf/fast] 错误 2



